<?xml version="1.0" encoding="UTF-8"?>
<testsuite xmlns:xsi="http://www.w3.org/2001/XMLSchema-instance" xsi:noNamespaceSchemaLocation="https://maven.apache.org/surefire/maven-surefire-plugin/xsd/surefire-test-report-3.0.xsd" version="3.0" name="BlackJackTests" time="1.482" tests="4" errors="0" skipped="0" failures="0">
  <properties>
    <property name="java.specification.version" value="17"/>
    <property name="sun.cpu.isalist" value="amd64"/>
    <property name="sun.jnu.encoding" value="Cp1252"/>
    <property name="java.class.path" value="C:\Users\chris\Desktop\BLACK JACK\blackjack\target\test-classes;C:\Users\chris\Desktop\BLACK JACK\blackjack\target\classes;C:\Users\chris\.m2\repository\junit\junit\4.8.1\junit-4.8.1.jar;"/>
    <property name="java.vm.vendor" value="Oracle Corporation"/>
    <property name="sun.arch.data.model" value="64"/>
    <property name="user.variant" value=""/>
    <property name="java.vendor.url" value="https://java.oracle.com/"/>
    <property name="user.timezone" value="America/Denver"/>
    <property name="os.name" value="Windows 11"/>
    <property name="java.vm.specification.version" value="17"/>
    <property name="sun.java.launcher" value="SUN_STANDARD"/>
    <property name="user.country" value="US"/>
    <property name="sun.boot.library.path" value="C:\Program Files\Java\jdk-17.0.2\bin"/>
    <property name="sun.java.command" value="C:\Users\chris\AppData\Local\Temp\surefire11307155421265694592\surefirebooter-20231022105929050_3.jar C:\Users\chris\AppData\Local\Temp\surefire11307155421265694592 2023-10-22T10-59-28_767-jvmRun1 surefire-20231022105929050_1tmp surefire_0-20231022105929050_2tmp"/>
    <property name="jdk.debug" value="release"/>
    <property name="surefire.test.class.path" value="C:\Users\chris\Desktop\BLACK JACK\blackjack\target\test-classes;C:\Users\chris\Desktop\BLACK JACK\blackjack\target\classes;C:\Users\chris\.m2\repository\junit\junit\4.8.1\junit-4.8.1.jar;"/>
    <property name="sun.cpu.endian" value="little"/>
    <property name="user.home" value="C:\Users\chris"/>
    <property name="user.language" value="en"/>
    <property name="java.specification.vendor" value="Oracle Corporation"/>
    <property name="java.version.date" value="2022-01-18"/>
    <property name="java.home" value="C:\Program Files\Java\jdk-17.0.2"/>
    <property name="file.separator" value="\"/>
    <property name="basedir" value="C:\Users\chris\Desktop\BLACK JACK\blackjack"/>
    <property name="java.vm.compressedOopsMode" value="Zero based"/>
    <property name="line.separator" value="&#10;"/>
    <property name="java.vm.specification.vendor" value="Oracle Corporation"/>
    <property name="java.specification.name" value="Java Platform API Specification"/>
    <property name="surefire.real.class.path" value="C:\Users\chris\AppData\Local\Temp\surefire11307155421265694592\surefirebooter-20231022105929050_3.jar"/>
    <property name="user.script" value=""/>
    <property name="sun.management.compiler" value="HotSpot 64-Bit Tiered Compilers"/>
    <property name="java.runtime.version" value="17.0.2+8-LTS-86"/>
    <property name="user.name" value="chris"/>
    <property name="path.separator" value=";"/>
    <property name="os.version" value="10.0"/>
    <property name="java.runtime.name" value="Java(TM) SE Runtime Environment"/>
    <property name="file.encoding" value="Cp1252"/>
    <property name="java.vm.name" value="Java HotSpot(TM) 64-Bit Server VM"/>
    <property name="localRepository" value="C:\Users\chris\.m2\repository"/>
    <property name="java.vendor.url.bug" value="https://bugreport.java.com/bugreport/"/>
    <property name="java.io.tmpdir" value="C:\Users\chris\AppData\Local\Temp\"/>
    <property name="java.version" value="17.0.2"/>
    <property name="user.dir" value="C:\Users\chris\Desktop\BLACK JACK\blackjack"/>
    <property name="os.arch" value="amd64"/>
    <property name="java.vm.specification.name" value="Java Virtual Machine Specification"/>
    <property name="sun.os.patch.level" value=""/>
    <property name="native.encoding" value="Cp1252"/>
    <property name="java.library.path" value="C:\Program Files\Java\jdk-17.0.2\bin;C:\WINDOWS\Sun\Java\bin;C:\WINDOWS\system32;C:\WINDOWS;C:\Program Files (x86)\NVIDIA Corporation\PhysX\Common;C:\Program Files\Common Files\Oracle\Java\javapath;C:\Windows\system32;C:\Windows;C:\Windows\System32\Wbem;C:\Windows\System32\WindowsPowerShell\v1.0\;C:\Windows\System32\OpenSSH\;C:\WINDOWS\system32;C:\WINDOWS;C:\WINDOWS\System32\Wbem;C:\WINDOWS\System32\WindowsPowerShell\v1.0\;C:\WINDOWS\System32\OpenSSH\;C:\Program Files\PostgreSQL\14\bin;C:\Apache Bench\Apache24\bin;C:\kotlinc\bin;C:\Users\chris\AppData\Local\Programs\mongosh\;C:\Program Files\mongodb-database-tools-windows-x86_64-100.5.2\bin;C:\Program Files\dotnet\;C:\Program Files\NVIDIA Corporation\NVIDIA NvDLISR;C:\Program Files (x86)\Steel Bank Common Lisp\;C:\Program Files (x86)\;C:\Program Files\Git\cmd;C:\Program Files\PostgreSQL\15\bin;C:\Program Files\Docker\Docker\resources\bin;C:\Program Files\apache-maven-3.9.3\bin;C:\Windows\Microsoft.NET\Framework\v4.0.30319;C:\Users\chris\.pyenv\pyenv-win\bin;C:\Users\chris\.pyenv\pyenv-win\shims;C:\Users\chris\AppData\Local\Programs\Python\Python310\Scripts\;C:\Users\chris\AppData\Local\Programs\Python\Python310\;C:\Users\chris\AppData\Local\Microsoft\WindowsApps;C:\Users\chris\AppData\Local\Programs\Microsoft VS Code\bin;C:\sqlite;C:\Program Files\PostgreSQL\14\bin;;C:\Users\chris\AppData\Local\Coursier\data\bin;C:\Users\chris\AppData\Local\Programs\mongosh\;C:\Users\chris\AppData\Local\Microsoft\WindowsApps;C:\Users\chris\AppData\Roaming\npm;C:\Users\chris\.dotnet\tools;."/>
    <property name="java.vm.info" value="mixed mode, sharing"/>
    <property name="java.vendor" value="Oracle Corporation"/>
    <property name="java.vm.version" value="17.0.2+8-LTS-86"/>
    <property name="sun.io.unicode.encoding" value="UnicodeLittle"/>
    <property name="java.class.version" value="61.0"/>
  </properties>
  <testcase name="testHandlePlayAgain" classname="BlackJackTests" time="0.729">
    <system-out><![CDATA[BUILD DECK: 
[A-C, 2-C, 3-C, 4-C, 5-C, 6-C, 7-C, 8-C, 9-C, 10-C, J-C, Q-C, K-C, A-D, 2-D, 3-D, 4-D, 5-D, 6-D, 7-D, 8-D, 9-D, 10-D, J-D, Q-D, K-D, A-H, 2-H, 3-H, 4-H, 5-H, 6-H, 7-H, 8-H, 9-H, 10-H, J-H, Q-H, K-H, A-S, 2-S, 3-S, 4-S, 5-S, 6-S, 7-S, 8-S, 9-S, 10-S, J-S, Q-S, K-S]
SHUFFLED:
[3-S, K-S, K-C, 7-D, K-D, 5-D, 7-C, J-C, A-D, J-H, 4-D, Q-C, 10-D, 6-C, 5-C, A-C, Q-S, 10-S, K-H, 7-S, 9-D, 7-H, 2-C, J-D, 3-C, Q-H, 6-H, 2-H, 3-H, 6-S, 5-S, 2-S, 6-D, 8-H, 8-C, 9-C, 9-H, A-S, 10-H, 4-H, 5-H, Q-D, 4-S, 4-C, A-H, 9-S, 3-D, 10-C, J-S, 2-D, 8-D, 8-S]

____________PLAYER____________
HAND: [8-S]   VALUE: 8
   ACE COUNTER: 0

____________PLAYER____________
HAND: [8-S, 8-D]   VALUE: 16
   ACE COUNTER: 0

____________DEALER____________
HAND: [2-D]   VALUE: 2
   ACE COUNTER: 0    HIDDEN CARD: 2-D

____________DEALER____________
HAND: [2-D, J-S]   VALUE: 12
   ACE COUNTER: 0    HIDDEN CARD: 2-D

____________PLAYER____________
HAND: [8-S, 8-D, 10-C]   VALUE: 26
   ACE COUNTER: 0

____________DEALER____________
HAND: [2-D, J-S, 3-D]   VALUE: 15
   ACE COUNTER: 0    HIDDEN CARD: 2-D

____________DEALER____________
HAND: [2-D, J-S, 3-D, 9-S]   VALUE: 24
   ACE COUNTER: 0    HIDDEN CARD: 2-D

____________PLAYER____________
HAND: [8-S, 8-D, 10-C, A-H]   VALUE: 27
   ACE COUNTER: 0
BUILD DECK: 
[A-C, 2-C, 3-C, 4-C, 5-C, 6-C, 7-C, 8-C, 9-C, 10-C, J-C, Q-C, K-C, A-D, 2-D, 3-D, 4-D, 5-D, 6-D, 7-D, 8-D, 9-D, 10-D, J-D, Q-D, K-D, A-H, 2-H, 3-H, 4-H, 5-H, 6-H, 7-H, 8-H, 9-H, 10-H, J-H, Q-H, K-H, A-S, 2-S, 3-S, 4-S, 5-S, 6-S, 7-S, 8-S, 9-S, 10-S, J-S, Q-S, K-S]
SHUFFLED:
[9-H, 2-C, K-S, A-S, K-C, 10-D, 3-S, 7-S, 10-S, 3-C, Q-C, A-D, 4-H, A-H, 3-H, 7-D, J-C, 7-H, K-H, 9-S, 10-H, 5-C, 2-S, 6-H, 5-D, 8-S, 6-S, Q-H, J-H, J-S, 5-S, K-D, A-C, Q-S, 9-D, J-D, 2-D, 4-S, 8-C, 3-D, 4-C, 8-H, 9-C, 4-D, 2-H, 5-H, 6-D, 8-D, 6-C, Q-D, 7-C, 10-C]

____________PLAYER____________
HAND: [10-C]   VALUE: 10
   ACE COUNTER: 0

____________PLAYER____________
HAND: [10-C, 7-C]   VALUE: 17
   ACE COUNTER: 0

____________DEALER____________
HAND: [Q-D]   VALUE: 10
   ACE COUNTER: 0    HIDDEN CARD: Q-D

____________DEALER____________
HAND: [Q-D, 6-C]   VALUE: 16
   ACE COUNTER: 0    HIDDEN CARD: Q-D
]]></system-out>
  </testcase>
  <testcase name="testInitialDeal" classname="BlackJackTests" time="0.32">
    <system-out><![CDATA[
____________DEALER____________
HAND: [Q-D, 6-C, 8-D]   VALUE: 24
   ACE COUNTER: 0    HIDDEN CARD: Q-D
BUILD DECK: 
[A-C, 2-C, 3-C, 4-C, 5-C, 6-C, 7-C, 8-C, 9-C, 10-C, J-C, Q-C, K-C, A-D, 2-D, 3-D, 4-D, 5-D, 6-D, 7-D, 8-D, 9-D, 10-D, J-D, Q-D, K-D, A-H, 2-H, 3-H, 4-H, 5-H, 6-H, 7-H, 8-H, 9-H, 10-H, J-H, Q-H, K-H, A-S, 2-S, 3-S, 4-S, 5-S, 6-S, 7-S, 8-S, 9-S, 10-S, J-S, Q-S, K-S]
SHUFFLED:
[A-D, 5-D, 2-H, 10-D, 7-D, 9-H, K-H, J-H, A-S, 8-S, Q-C, Q-S, 2-C, Q-D, 7-S, 5-H, 6-H, 6-C, 4-D, A-H, 10-H, 9-C, 7-H, 9-D, A-C, Q-H, 10-C, K-S, 10-S, 8-H, 3-D, 5-C, 6-D, 2-S, J-D, 3-S, 6-S, K-C, 4-H, 4-C, 8-C, 9-S, J-C, 5-S, 2-D, 3-H, 3-C, K-D, 7-C, 4-S, 8-D, J-S]

____________PLAYER____________
HAND: [J-S]   VALUE: 10
   ACE COUNTER: 0

____________PLAYER____________
HAND: [J-S, 8-D]   VALUE: 18
   ACE COUNTER: 0

____________DEALER____________
HAND: [4-S]   VALUE: 4
   ACE COUNTER: 0    HIDDEN CARD: 4-S

____________DEALER____________
HAND: [4-S, 7-C]   VALUE: 11
   ACE COUNTER: 0    HIDDEN CARD: 4-S
]]></system-out>
  </testcase>
  <testcase name="testHandleStay" classname="BlackJackTests" time="0.067">
    <system-out><![CDATA[BUILD DECK: 
[A-C, 2-C, 3-C, 4-C, 5-C, 6-C, 7-C, 8-C, 9-C, 10-C, J-C, Q-C, K-C, A-D, 2-D, 3-D, 4-D, 5-D, 6-D, 7-D, 8-D, 9-D, 10-D, J-D, Q-D, K-D, A-H, 2-H, 3-H, 4-H, 5-H, 6-H, 7-H, 8-H, 9-H, 10-H, J-H, Q-H, K-H, A-S, 2-S, 3-S, 4-S, 5-S, 6-S, 7-S, 8-S, 9-S, 10-S, J-S, Q-S, K-S]
SHUFFLED:
[10-S, 9-D, A-D, 4-S, A-C, K-D, 5-S, 7-S, 10-H, 9-S, K-C, 8-C, J-S, 4-C, 9-C, 5-H, 10-D, 6-C, 6-H, Q-D, K-H, 5-C, 2-S, 6-S, 2-C, 7-D, 3-D, K-S, 6-D, 4-H, 2-H, J-D, 5-D, 4-D, 7-H, 8-S, Q-H, J-H, 3-C, 7-C, 8-H, 3-H, A-H, 8-D, 3-S, 10-C, A-S, Q-C, J-C, Q-S, 2-D, 9-H]

____________PLAYER____________
HAND: [9-H]   VALUE: 9
   ACE COUNTER: 0

____________PLAYER____________
HAND: [9-H, 2-D]   VALUE: 11
   ACE COUNTER: 0

____________DEALER____________
HAND: [Q-S]   VALUE: 10
   ACE COUNTER: 0    HIDDEN CARD: Q-S

____________DEALER____________
HAND: [Q-S, J-C]   VALUE: 20
   ACE COUNTER: 0    HIDDEN CARD: Q-S

____________DEALER____________
HAND: [5-C]   VALUE: 5
   ACE COUNTER: 0    HIDDEN CARD: null

____________DEALER____________
HAND: [5-C, K-S]   VALUE: 15
   ACE COUNTER: 0    HIDDEN CARD: null

____________PLAYER____________
HAND: [A-D]   VALUE: 11
   ACE COUNTER: 1

____________PLAYER____________
HAND: [A-D, 10-H]   VALUE: 21
   ACE COUNTER: 1

____________PLAYER____________
HAND: [A-D, 10-H, 7-C]   VALUE: 18
   ACE COUNTER: 0

____________PLAYER____________
HAND: [A-D, 10-H, 7-C, K-S]   VALUE: 28
   ACE COUNTER: 0
]]></system-out>
  </testcase>
  <testcase name="testHandleHit" classname="BlackJackTests" time="0.284">
    <system-out><![CDATA[BUILD DECK: 
[A-C, 2-C, 3-C, 4-C, 5-C, 6-C, 7-C, 8-C, 9-C, 10-C, J-C, Q-C, K-C, A-D, 2-D, 3-D, 4-D, 5-D, 6-D, 7-D, 8-D, 9-D, 10-D, J-D, Q-D, K-D, A-H, 2-H, 3-H, 4-H, 5-H, 6-H, 7-H, 8-H, 9-H, 10-H, J-H, Q-H, K-H, A-S, 2-S, 3-S, 4-S, 5-S, 6-S, 7-S, 8-S, 9-S, 10-S, J-S, Q-S, K-S]
SHUFFLED:
[4-C, J-D, 10-S, 4-S, 8-D, K-S, 10-H, 2-D, 2-H, 8-S, 7-C, K-D, 6-D, 9-H, K-C, 7-S, 3-S, Q-D, 4-D, 6-S, 5-S, Q-S, 5-D, 3-C, 3-H, 10-C, 5-H, J-H, K-H, 8-C, 2-S, 3-D, A-C, J-C, A-H, Q-H, 7-D, J-S, 6-C, 9-D, 6-H, 5-C, 9-C, 4-H, 7-H, A-S, A-D, 10-D, Q-C, 2-C, 8-H, 9-S]

____________PLAYER____________
HAND: [9-S]   VALUE: 9
   ACE COUNTER: 0

____________PLAYER____________
HAND: [9-S, 8-H]   VALUE: 17
   ACE COUNTER: 0

____________DEALER____________
HAND: [2-C]   VALUE: 2
   ACE COUNTER: 0    HIDDEN CARD: 2-C

____________DEALER____________
HAND: [2-C, Q-C]   VALUE: 12
   ACE COUNTER: 0    HIDDEN CARD: 2-C

____________PLAYER____________
HAND: [9-S, 8-H, 10-D]   VALUE: 27
   ACE COUNTER: 0

____________DEALER____________
HAND: [2-C, Q-C, A-D]   VALUE: 13
   ACE COUNTER: 0    HIDDEN CARD: 2-C

____________DEALER____________
HAND: [2-C, Q-C, A-D, A-S]   VALUE: 14
   ACE COUNTER: 0    HIDDEN CARD: 2-C

____________DEALER____________
HAND: [2-C, Q-C, A-D, A-S, 7-H]   VALUE: 21
   ACE COUNTER: 0    HIDDEN CARD: 2-C

____________PLAYER____________
HAND: [9-S, 8-H, 10-D, 4-H]   VALUE: 31
   ACE COUNTER: 0
]]></system-out>
  </testcase>
</testsuite>