<?xml version="1.0" encoding="UTF-8"?>
<testsuite xmlns:xsi="http://www.w3.org/2001/XMLSchema-instance" xsi:noNamespaceSchemaLocation="https://maven.apache.org/surefire/maven-surefire-plugin/xsd/surefire-test-report-3.0.xsd" version="3.0" name="DealerTests" time="0.052" tests="4" errors="0" skipped="0" failures="0">
  <properties>
    <property name="java.specification.version" value="17"/>
    <property name="sun.cpu.isalist" value="amd64"/>
    <property name="sun.jnu.encoding" value="Cp1252"/>
    <property name="java.class.path" value="C:\Users\chris\Desktop\BLACK JACK\blackjack\target\test-classes;C:\Users\chris\Desktop\BLACK JACK\blackjack\target\classes;C:\Users\chris\.m2\repository\junit\junit\4.8.1\junit-4.8.1.jar;"/>
    <property name="sun.awt.enableExtraMouseButtons" value="true"/>
    <property name="java.vm.vendor" value="Oracle Corporation"/>
    <property name="sun.arch.data.model" value="64"/>
    <property name="user.variant" value=""/>
    <property name="java.vendor.url" value="https://java.oracle.com/"/>
    <property name="user.timezone" value="America/Denver"/>
    <property name="os.name" value="Windows 11"/>
    <property name="java.vm.specification.version" value="17"/>
    <property name="sun.java.launcher" value="SUN_STANDARD"/>
    <property name="user.country" value="US"/>
    <property name="sun.boot.library.path" value="C:\Program Files\Java\jdk-17.0.2\bin"/>
    <property name="sun.java.command" value="C:\Users\chris\AppData\Local\Temp\surefire11307155421265694592\surefirebooter-20231022105929050_3.jar C:\Users\chris\AppData\Local\Temp\surefire11307155421265694592 2023-10-22T10-59-28_767-jvmRun1 surefire-20231022105929050_1tmp surefire_0-20231022105929050_2tmp"/>
    <property name="jdk.debug" value="release"/>
    <property name="surefire.test.class.path" value="C:\Users\chris\Desktop\BLACK JACK\blackjack\target\test-classes;C:\Users\chris\Desktop\BLACK JACK\blackjack\target\classes;C:\Users\chris\.m2\repository\junit\junit\4.8.1\junit-4.8.1.jar;"/>
    <property name="sun.cpu.endian" value="little"/>
    <property name="user.home" value="C:\Users\chris"/>
    <property name="user.language" value="en"/>
    <property name="java.specification.vendor" value="Oracle Corporation"/>
    <property name="java.version.date" value="2022-01-18"/>
    <property name="java.home" value="C:\Program Files\Java\jdk-17.0.2"/>
    <property name="file.separator" value="\"/>
    <property name="basedir" value="C:\Users\chris\Desktop\BLACK JACK\blackjack"/>
    <property name="java.vm.compressedOopsMode" value="Zero based"/>
    <property name="line.separator" value="&#10;"/>
    <property name="java.vm.specification.vendor" value="Oracle Corporation"/>
    <property name="java.specification.name" value="Java Platform API Specification"/>
    <property name="surefire.real.class.path" value="C:\Users\chris\AppData\Local\Temp\surefire11307155421265694592\surefirebooter-20231022105929050_3.jar"/>
    <property name="user.script" value=""/>
    <property name="sun.management.compiler" value="HotSpot 64-Bit Tiered Compilers"/>
    <property name="java.runtime.version" value="17.0.2+8-LTS-86"/>
    <property name="user.name" value="chris"/>
    <property name="path.separator" value=";"/>
    <property name="os.version" value="10.0"/>
    <property name="java.runtime.name" value="Java(TM) SE Runtime Environment"/>
    <property name="file.encoding" value="Cp1252"/>
    <property name="java.vm.name" value="Java HotSpot(TM) 64-Bit Server VM"/>
    <property name="localRepository" value="C:\Users\chris\.m2\repository"/>
    <property name="java.vendor.url.bug" value="https://bugreport.java.com/bugreport/"/>
    <property name="java.io.tmpdir" value="C:\Users\chris\AppData\Local\Temp\"/>
    <property name="java.version" value="17.0.2"/>
    <property name="user.dir" value="C:\Users\chris\Desktop\BLACK JACK\blackjack"/>
    <property name="os.arch" value="amd64"/>
    <property name="java.vm.specification.name" value="Java Virtual Machine Specification"/>
    <property name="sun.os.patch.level" value=""/>
    <property name="native.encoding" value="Cp1252"/>
    <property name="java.library.path" value="C:\Program Files\Java\jdk-17.0.2\bin;C:\WINDOWS\Sun\Java\bin;C:\WINDOWS\system32;C:\WINDOWS;C:\Program Files (x86)\NVIDIA Corporation\PhysX\Common;C:\Program Files\Common Files\Oracle\Java\javapath;C:\Windows\system32;C:\Windows;C:\Windows\System32\Wbem;C:\Windows\System32\WindowsPowerShell\v1.0\;C:\Windows\System32\OpenSSH\;C:\WINDOWS\system32;C:\WINDOWS;C:\WINDOWS\System32\Wbem;C:\WINDOWS\System32\WindowsPowerShell\v1.0\;C:\WINDOWS\System32\OpenSSH\;C:\Program Files\PostgreSQL\14\bin;C:\Apache Bench\Apache24\bin;C:\kotlinc\bin;C:\Users\chris\AppData\Local\Programs\mongosh\;C:\Program Files\mongodb-database-tools-windows-x86_64-100.5.2\bin;C:\Program Files\dotnet\;C:\Program Files\NVIDIA Corporation\NVIDIA NvDLISR;C:\Program Files (x86)\Steel Bank Common Lisp\;C:\Program Files (x86)\;C:\Program Files\Git\cmd;C:\Program Files\PostgreSQL\15\bin;C:\Program Files\Docker\Docker\resources\bin;C:\Program Files\apache-maven-3.9.3\bin;C:\Windows\Microsoft.NET\Framework\v4.0.30319;C:\Users\chris\.pyenv\pyenv-win\bin;C:\Users\chris\.pyenv\pyenv-win\shims;C:\Users\chris\AppData\Local\Programs\Python\Python310\Scripts\;C:\Users\chris\AppData\Local\Programs\Python\Python310\;C:\Users\chris\AppData\Local\Microsoft\WindowsApps;C:\Users\chris\AppData\Local\Programs\Microsoft VS Code\bin;C:\sqlite;C:\Program Files\PostgreSQL\14\bin;;C:\Users\chris\AppData\Local\Coursier\data\bin;C:\Users\chris\AppData\Local\Programs\mongosh\;C:\Users\chris\AppData\Local\Microsoft\WindowsApps;C:\Users\chris\AppData\Roaming\npm;C:\Users\chris\.dotnet\tools;."/>
    <property name="java.vm.info" value="mixed mode, sharing"/>
    <property name="java.vendor" value="Oracle Corporation"/>
    <property name="java.vm.version" value="17.0.2+8-LTS-86"/>
    <property name="sun.io.unicode.encoding" value="UnicodeLittle"/>
    <property name="java.class.version" value="61.0"/>
  </properties>
  <testcase name="testAddToHandWithBustAndAceReduction" classname="DealerTests" time="0.026">
    <system-out><![CDATA[
____________DEALER____________
HAND: [A-C]   VALUE: 11
   ACE COUNTER: 1    HIDDEN CARD: null

____________DEALER____________
HAND: [A-C, Q-D]   VALUE: 21
   ACE COUNTER: 1    HIDDEN CARD: null

____________DEALER____________
HAND: [A-C, Q-D, 8-S]   VALUE: 19
   ACE COUNTER: 0    HIDDEN CARD: null
]]></system-out>
  </testcase>
  <testcase name="testAddToHandWithNonAceCard" classname="DealerTests" time="0.008">
    <system-out><![CDATA[
____________DEALER____________
HAND: [5-S]   VALUE: 5
   ACE COUNTER: 0    HIDDEN CARD: null
]]></system-out>
  </testcase>
  <testcase name="testAddToHandWithAceCard" classname="DealerTests" time="0.007">
    <system-out><![CDATA[
____________DEALER____________
HAND: [A-H]   VALUE: 11
   ACE COUNTER: 1    HIDDEN CARD: null
]]></system-out>
  </testcase>
  <testcase name="testSetHiddenCard" classname="DealerTests" time="0.0"/>
</testsuite>